\BOOKMARK [0][-]{chapter.1}{\376\377\000I\000n\000t\000r\000o\000d\000u\000c\000t\000i\000o\000n}{}% 1
\BOOKMARK [1][-]{section*.2}{\376\377\000E\000m\000b\000r\000a\000c\000i\000n\000g\000\040\000t\000h\000e\000\040\000E\000x\000t\000r\000a\000o\000r\000d\000i\000n\000a\000r\000y\000:\000\040\000T\000h\000e\000\040\000S\000p\000i\000r\000i\000t\000\040\000o\000f\000\040\000t\000h\000e\000\040\000P\000a\000r\000a\000l\000y\000m\000p\000i\000c\000s}{chapter.1}% 2
\BOOKMARK [2][-]{section*.2}{\376\377\000D\000e\000f\000y\000i\000n\000g\000\040\000E\000x\000p\000e\000c\000t\000a\000t\000i\000o\000n\000s\000\040\000a\000n\000d\000\040\000S\000h\000o\000w\000c\000a\000s\000i\000n\000g\000\040\000A\000b\000i\000l\000i\000t\000i\000e\000s}{chapter.1}% 3
\BOOKMARK [2][-]{section*.2}{\376\377\000A\000\040\000P\000l\000a\000t\000f\000o\000r\000m\000\040\000f\000o\000r\000\040\000I\000n\000c\000l\000u\000s\000i\000o\000n\000\040\000a\000n\000d\000\040\000I\000n\000s\000p\000i\000r\000a\000t\000i\000o\000n}{chapter.1}% 4
\BOOKMARK [1][-]{section*.2}{\376\377\000A\000\040\000J\000o\000u\000r\000n\000e\000y\000\040\000T\000h\000r\000o\000u\000g\000h\000\040\000T\000i\000m\000e\000:\000\040\000T\000h\000e\000\040\000H\000i\000s\000t\000o\000r\000y\000\040\000o\000f\000\040\000t\000h\000e\000\040\000P\000a\000r\000a\000l\000y\000m\000p\000i\000c\000\040\000M\000o\000v\000e\000m\000e\000n\000t}{chapter.1}% 5
\BOOKMARK [2][-]{section*.3}{\376\377\000T\000h\000e\000\040\000S\000t\000o\000k\000e\000\040\000M\000a\000n\000d\000e\000v\000i\000l\000l\000e\000\040\000G\000a\000m\000e\000s\000:\000\040\000P\000i\000o\000n\000e\000e\000r\000i\000n\000g\000\040\000S\000p\000i\000r\000i\000t}{section*.2}% 6
\BOOKMARK [2][-]{section*.3}{\376\377\000F\000r\000o\000m\000\040\000R\000o\000m\000e\000\040\0001\0009\0006\0000\000\040\000t\000o\000\040\000G\000l\000o\000b\000a\000l\000\040\000R\000e\000c\000o\000g\000n\000i\000t\000i\000o\000n}{section*.2}% 7
\BOOKMARK [1][-]{section*.3}{\376\377\000P\000a\000r\000i\000s\000\040\0002\0000\0002\0004\000:\000\040\000A\000\040\000B\000e\000a\000c\000o\000n\000\040\000o\000f\000\040\000H\000o\000p\000e\000\040\000a\000n\000d\000\040\000I\000n\000s\000p\000i\000r\000a\000t\000i\000o\000n}{chapter.1}% 8
\BOOKMARK [2][-]{section*.4}{\376\377\000T\000h\000e\000\040\000C\000i\000t\000y\000\040\000o\000f\000\040\000L\000i\000g\000h\000t\000s\000\040\000E\000m\000b\000r\000a\000c\000e\000s\000\040\000t\000h\000e\000\040\000P\000a\000r\000a\000l\000y\000m\000p\000i\000c\000s}{section*.3}% 9
\BOOKMARK [2][-]{section*.4}{\376\377\000A\000\040\000L\000e\000g\000a\000c\000y\000\040\000o\000f\000\040\000A\000c\000c\000e\000s\000s\000i\000b\000i\000l\000i\000t\000y\000\040\000a\000n\000d\000\040\000I\000n\000c\000l\000u\000s\000i\000o\000n}{section*.3}% 10
\BOOKMARK [0][-]{chapter.2}{\376\377\000S\000p\000o\000r\000t\000s\000\040\000a\000n\000d\000\040\000C\000a\000t\000e\000g\000o\000r\000i\000e\000s}{}% 11
\BOOKMARK [1][-]{section*.5}{\376\377\000O\000v\000e\000r\000v\000i\000e\000w\000\040\000o\000f\000\040\000P\000a\000r\000a\000l\000y\000m\000p\000i\000c\000\040\000S\000p\000o\000r\000t\000s}{chapter.2}% 12
\BOOKMARK [2][-]{section*.5}{\376\377\000A\000\040\000T\000a\000p\000e\000s\000t\000r\000y\000\040\000o\000f\000\040\000D\000i\000s\000c\000i\000p\000l\000i\000n\000e\000s\000:\000\040\000S\000h\000o\000w\000c\000a\000s\000i\000n\000g\000\040\000D\000i\000v\000e\000r\000s\000e\000\040\000A\000b\000i\000l\000i\000t\000i\000e\000s}{chapter.2}% 13
\BOOKMARK [2][-]{section*.5}{\376\377\000L\000e\000v\000e\000l\000i\000n\000g\000\040\000t\000h\000e\000\040\000P\000l\000a\000y\000i\000n\000g\000\040\000F\000i\000e\000l\000d\000:\000\040\000T\000h\000e\000\040\000C\000l\000a\000s\000s\000i\000f\000i\000c\000a\000t\000i\000o\000n\000\040\000S\000y\000s\000t\000e\000m}{chapter.2}% 14
\BOOKMARK [1][-]{section*.5}{\376\377\000P\000a\000r\000a\000l\000y\000m\000p\000i\000c\000\040\000S\000p\000o\000r\000t\000s}{chapter.2}% 15
\BOOKMARK [2][-]{section*.6}{\376\377\000A\000r\000c\000h\000e\000r\000y}{section*.5}% 16
\BOOKMARK [2][-]{Item.3}{\376\377\000A\000t\000h\000l\000e\000t\000i\000c\000s}{section*.5}% 17
\BOOKMARK [2][-]{Item.6}{\376\377\000B\000a\000d\000m\000i\000n\000t\000o\000n}{section*.5}% 18
\BOOKMARK [2][-]{Item.9}{\376\377\000B\000o\000c\000c\000i\000a}{section*.5}% 19
\BOOKMARK [2][-]{Item.12}{\376\377\000C\000a\000n\000o\000e\000\040\000\050\000P\000a\000r\000a\000\040\000C\000a\000n\000o\000e\000\051}{section*.5}% 20
\BOOKMARK [2][-]{Item.15}{\376\377\000C\000y\000c\000l\000i\000n\000g}{section*.5}% 21
\BOOKMARK [2][-]{Item.18}{\376\377\000E\000q\000u\000e\000s\000t\000r\000i\000a\000n\000\040\000\050\000P\000a\000r\000a\000-\000D\000r\000e\000s\000s\000a\000g\000e\000\051}{section*.5}% 22
\BOOKMARK [2][-]{Item.21}{\376\377\000F\000o\000o\000t\000b\000a\000l\000l\000\040\0005\000-\000a\000-\000s\000i\000d\000e}{section*.5}% 23
\BOOKMARK [2][-]{Item.24}{\376\377\000G\000o\000a\000l\000b\000a\000l\000l}{section*.5}% 24
\BOOKMARK [2][-]{Item.27}{\376\377\000J\000u\000d\000o}{section*.5}% 25
\BOOKMARK [2][-]{Item.30}{\376\377\000P\000a\000r\000a\000\040\000P\000o\000w\000e\000r\000l\000i\000f\000t\000i\000n\000g}{section*.5}% 26
\BOOKMARK [2][-]{Item.33}{\376\377\000R\000o\000w\000i\000n\000g}{section*.5}% 27
\BOOKMARK [2][-]{Item.36}{\376\377\000S\000h\000o\000o\000t\000i\000n\000g\000\040\000P\000a\000r\000a\000\040\000S\000p\000o\000r\000t}{section*.5}% 28
\BOOKMARK [2][-]{Item.39}{\376\377\000S\000i\000t\000t\000i\000n\000g\000\040\000V\000o\000l\000l\000e\000y\000b\000a\000l\000l}{section*.5}% 29
\BOOKMARK [2][-]{Item.42}{\376\377\000S\000w\000i\000m\000m\000i\000n\000g}{section*.5}% 30
\BOOKMARK [2][-]{Item.45}{\376\377\000T\000a\000b\000l\000e\000\040\000T\000e\000n\000n\000i\000s}{section*.5}% 31
\BOOKMARK [2][-]{Item.48}{\376\377\000T\000a\000e\000k\000w\000o\000n\000d\000o}{section*.5}% 32
\BOOKMARK [2][-]{Item.51}{\376\377\000T\000r\000i\000a\000t\000h\000l\000o\000n}{section*.5}% 33
\BOOKMARK [2][-]{Item.54}{\376\377\000W\000h\000e\000e\000l\000c\000h\000a\000i\000r\000\040\000B\000a\000s\000k\000e\000t\000b\000a\000l\000l}{section*.5}% 34
\BOOKMARK [2][-]{Item.57}{\376\377\000W\000h\000e\000e\000l\000c\000h\000a\000i\000r\000\040\000F\000e\000n\000c\000i\000n\000g}{section*.5}% 35
\BOOKMARK [2][-]{figure.2.5}{\376\377\000W\000h\000e\000e\000l\000c\000h\000a\000i\000r\000\040\000R\000u\000g\000b\000y}{section*.5}% 36
\BOOKMARK [2][-]{Item.63}{\376\377\000W\000h\000e\000e\000l\000c\000h\000a\000i\000r\000\040\000T\000e\000n\000n\000i\000s}{section*.5}% 37
\BOOKMARK [0][-]{chapter.3}{\376\377\000T\000h\000e\000\040\0002\0000\0002\0004\000\040\000P\000a\000r\000a\000l\000y\000m\000p\000i\000c\000\040\000G\000a\000m\000e\000s\000\040\000i\000n\000\040\000P\000a\000r\000i\000s}{}% 38
\BOOKMARK [1][-]{section*.7}{\376\377\000T\000h\000e\000\040\000C\000i\000t\000y\000\040\000o\000f\000\040\000L\000i\000g\000h\000t\000s\000\040\000W\000e\000l\000c\000o\000m\000e\000s\000\040\000t\000h\000e\000\040\000W\000o\000r\000l\000d}{chapter.3}% 39
\BOOKMARK [2][-]{section*.7}{\376\377\000A\000\040\000B\000r\000e\000a\000t\000h\000t\000a\000k\000i\000n\000g\000\040\000B\000a\000c\000k\000d\000r\000o\000p\000\040\000f\000o\000r\000\040\000P\000a\000r\000a\000l\000y\000m\000p\000i\000c\000\040\000E\000x\000c\000e\000l\000l\000e\000n\000c\000e}{chapter.3}% 40
\BOOKMARK [2][-]{section*.7}{\376\377\000P\000a\000r\000i\000s\000:\000\040\000A\000\040\000C\000i\000t\000y\000\040\000C\000o\000m\000m\000i\000t\000t\000e\000d\000\040\000t\000o\000\040\000I\000n\000c\000l\000u\000s\000i\000v\000i\000t\000y}{chapter.3}% 41
\BOOKMARK [1][-]{section*.7}{\376\377\000S\000c\000h\000e\000d\000u\000l\000e\000\040\000o\000f\000\040\000E\000v\000e\000n\000t\000s}{chapter.3}% 42
\BOOKMARK [2][-]{section*.8}{\376\377\000T\000w\000e\000l\000v\000e\000\040\000T\000h\000r\000i\000l\000l\000i\000n\000g\000\040\000D\000a\000y\000s\000\040\000o\000f\000\040\000P\000a\000r\000a\000l\000y\000m\000p\000i\000c\000\040\000C\000o\000m\000p\000e\000t\000i\000t\000i\000o\000n}{section*.7}% 43
\BOOKMARK [2][-]{table.3.1}{\376\377\000W\000i\000t\000n\000e\000s\000s\000i\000n\000g\000\040\000A\000t\000h\000l\000e\000t\000i\000c\000i\000s\000m\000\040\000a\000n\000d\000\040\000D\000e\000t\000e\000r\000m\000i\000n\000a\000t\000i\000o\000n}{section*.7}% 44
\BOOKMARK [1][-]{table.3.1}{\376\377\000A\000t\000h\000l\000e\000t\000e\000s\000\040\000t\000o\000\040\000W\000a\000t\000c\000h}{chapter.3}% 45
\BOOKMARK [2][-]{section*.9}{\376\377\000S\000t\000o\000r\000i\000e\000s\000\040\000o\000f\000\040\000T\000r\000i\000u\000m\000p\000h\000\040\000a\000n\000d\000\040\000R\000e\000s\000i\000l\000i\000e\000n\000c\000e}{table.3.1}% 46
\BOOKMARK [2][-]{figure.3.1}{\376\377\000P\000a\000r\000a\000l\000y\000m\000p\000i\000c\000\040\000S\000t\000a\000r\000s\000\040\000t\000o\000\040\000S\000h\000i\000n\000e\000\040\000i\000n\000\040\000P\000a\000r\000i\000s}{table.3.1}% 47
\BOOKMARK [1][-]{Item.68}{\376\377\000B\000e\000y\000o\000n\000d\000\040\000t\000h\000e\000\040\000C\000o\000m\000p\000e\000t\000i\000t\000i\000o\000n\000:\000\040\000C\000u\000l\000t\000u\000r\000a\000l\000\040\000a\000n\000d\000\040\000S\000o\000c\000i\000a\000l\000\040\000I\000m\000p\000a\000c\000t}{chapter.3}% 48
\BOOKMARK [2][-]{section*.10}{\376\377\000C\000h\000a\000l\000l\000e\000n\000g\000i\000n\000g\000\040\000S\000t\000e\000r\000e\000o\000t\000y\000p\000e\000s\000,\000\040\000P\000r\000o\000m\000o\000t\000i\000n\000g\000\040\000I\000n\000c\000l\000u\000s\000i\000o\000n}{Item.68}% 49
\BOOKMARK [2][-]{section*.10}{\376\377\000A\000\040\000L\000a\000s\000t\000i\000n\000g\000\040\000L\000e\000g\000a\000c\000y\000\040\000f\000o\000r\000\040\000P\000a\000r\000i\000s\000\040\000a\000n\000d\000\040\000B\000e\000y\000o\000n\000d}{Item.68}% 50
\BOOKMARK [0][-]{chapter.4}{\376\377\000B\000e\000y\000o\000n\000d\000\040\000t\000h\000e\000\040\000G\000a\000m\000e\000s\000:\000\040\000T\000h\000e\000\040\000P\000a\000r\000a\000l\000y\000m\000p\000i\000c\000\040\000L\000e\000g\000a\000c\000y}{}% 51
\BOOKMARK [1][-]{section*.11}{\376\377\000C\000h\000a\000n\000g\000i\000n\000g\000\040\000P\000e\000r\000c\000e\000p\000t\000i\000o\000n\000s\000:\000\040\000T\000h\000e\000\040\000I\000m\000p\000a\000c\000t\000\040\000o\000f\000\040\000t\000h\000e\000\040\000P\000a\000r\000a\000l\000y\000m\000p\000i\000c\000s}{chapter.4}% 52
\BOOKMARK [2][-]{section*.11}{\376\377\000T\000r\000a\000n\000s\000f\000o\000r\000m\000i\000n\000g\000\040\000S\000o\000c\000i\000e\000t\000a\000l\000\040\000V\000i\000e\000w\000s\000\040\000o\000n\000\040\000D\000i\000s\000a\000b\000i\000l\000i\000t\000y}{chapter.4}% 53
\BOOKMARK [2][-]{section*.11}{\376\377\000S\000h\000i\000f\000t\000i\000n\000g\000\040\000t\000h\000e\000\040\000P\000a\000r\000a\000d\000i\000g\000m\000:\000\040\000F\000r\000o\000m\000\040\000M\000e\000d\000i\000c\000a\000l\000\040\000t\000o\000\040\000S\000o\000c\000i\000a\000l\000\040\000M\000o\000d\000e\000l}{chapter.4}% 54
\BOOKMARK [1][-]{section*.11}{\376\377\000C\000h\000a\000l\000l\000e\000n\000g\000e\000s\000\040\000a\000n\000d\000\040\000O\000p\000p\000o\000r\000t\000u\000n\000i\000t\000i\000e\000s}{chapter.4}% 55
\BOOKMARK [2][-]{section*.12}{\376\377\000B\000a\000r\000r\000i\000e\000r\000s\000\040\000t\000o\000\040\000A\000c\000c\000e\000s\000s\000\040\000a\000n\000d\000\040\000P\000a\000r\000t\000i\000c\000i\000p\000a\000t\000i\000o\000n}{section*.11}% 56
\BOOKMARK [2][-]{section*.12}{\376\377\000E\000m\000p\000o\000w\000e\000r\000i\000n\000g\000\040\000D\000r\000e\000a\000m\000s\000:\000\040\000S\000e\000i\000z\000i\000n\000g\000\040\000O\000p\000p\000o\000r\000t\000u\000n\000i\000t\000i\000e\000s}{section*.11}% 57
\BOOKMARK [1][-]{section*.12}{\376\377\000G\000e\000t\000t\000i\000n\000g\000\040\000I\000n\000v\000o\000l\000v\000e\000d\000:\000\040\000Y\000o\000u\000r\000\040\000P\000a\000r\000a\000l\000y\000m\000p\000i\000c\000\040\000J\000o\000u\000r\000n\000e\000y}{chapter.4}% 58
\BOOKMARK [2][-]{section*.13}{\376\377\000E\000m\000b\000a\000r\000k\000i\000n\000g\000\040\000o\000n\000\040\000Y\000o\000u\000r\000\040\000P\000a\000t\000h\000:\000\040\000F\000i\000n\000d\000i\000n\000g\000\040\000Y\000o\000u\000r\000\040\000S\000p\000o\000r\000t}{section*.12}% 59
\BOOKMARK [2][-]{section*.13}{\376\377\000E\000m\000b\000r\000a\000c\000e\000\040\000t\000h\000e\000\040\000C\000h\000a\000l\000l\000e\000n\000g\000e\000:\000\040\000U\000n\000l\000e\000a\000s\000h\000\040\000Y\000o\000u\000r\000\040\000P\000o\000t\000e\000n\000t\000i\000a\000l}{section*.12}% 60
\BOOKMARK [0][-]{section*.13}{\376\377\000A\000c\000k\000n\000o\000w\000l\000e\000d\000g\000m\000e\000n\000t\000s}{}% 61
\BOOKMARK [0][-]{chapter*.14}{\376\377\000A\000b\000o\000u\000t\000\040\000t\000h\000e\000\040\000A\000u\000t\000h\000o\000r}{}% 62
\BOOKMARK [0][-]{chapter*.16}{\376\377\000B\000i\000b\000l\000i\000o\000g\000r\000a\000p\000h\000y}{}% 63
